<?xml version="1.0" encoding="UTF-8"?>
<testsuite name="com.hybrid.MosaicWebApplicationTests" tests="1" skipped="0" failures="0" errors="0" timestamp="2016-07-28T01:26:24" hostname="swlee" time="0.0">
  <properties/>
  <testcase name="contextLoads" classname="com.hybrid.MosaicWebApplicationTests" time="0.0"/>
  <system-out><![CDATA[10:26:22.530 [Test worker] DEBUG org.springframework.test.context.junit4.SpringJUnit4ClassRunner - SpringJUnit4ClassRunner constructor called with [class com.hybrid.MosaicWebApplicationTests]
10:26:22.530 [Test worker] DEBUG org.springframework.test.context.BootstrapUtils - Instantiating CacheAwareContextLoaderDelegate from class [org.springframework.test.context.cache.DefaultCacheAwareContextLoaderDelegate]
10:26:22.546 [Test worker] DEBUG org.springframework.test.context.BootstrapUtils - Instantiating BootstrapContext using constructor [public org.springframework.test.context.support.DefaultBootstrapContext(java.lang.Class,org.springframework.test.context.CacheAwareContextLoaderDelegate)]
10:26:22.546 [Test worker] DEBUG org.springframework.test.context.BootstrapUtils - Instantiating TestContextBootstrapper for test class [com.hybrid.MosaicWebApplicationTests] from class [org.springframework.test.context.web.WebTestContextBootstrapper]
10:26:22.562 [Test worker] DEBUG org.springframework.test.context.web.WebTestContextBootstrapper - Found explicit ContextLoader class [org.springframework.boot.test.SpringApplicationContextLoader] for context configuration attributes [ContextConfigurationAttributes@3b230b4a declaringClass = 'com.hybrid.MosaicWebApplicationTests', classes = '{class com.hybrid.MosaicWebApplication}', locations = '{}', inheritLocations = true, initializers = '{}', inheritInitializers = true, name = [null], contextLoaderClass = 'org.springframework.boot.test.SpringApplicationContextLoader']
10:26:22.577 [Test worker] DEBUG org.springframework.test.context.support.AbstractContextLoader - Did not detect default resource location for test class [com.hybrid.MosaicWebApplicationTests]: class path resource [com/hybrid/MosaicWebApplicationTests-context.xml] does not exist
10:26:22.577 [Test worker] DEBUG org.springframework.test.context.support.AbstractContextLoader - Did not detect default resource location for test class [com.hybrid.MosaicWebApplicationTests]: class path resource [com/hybrid/MosaicWebApplicationTestsContext.groovy] does not exist
10:26:22.577 [Test worker] INFO org.springframework.test.context.support.AbstractContextLoader - Could not detect default resource locations for test class [com.hybrid.MosaicWebApplicationTests]: no resource found for suffixes {-context.xml, Context.groovy}.
10:26:22.577 [Test worker] DEBUG org.springframework.test.context.support.ActiveProfilesUtils - Could not find an 'annotation declaring class' for annotation type [org.springframework.test.context.ActiveProfiles] and class [com.hybrid.MosaicWebApplicationTests]
10:26:22.577 [Test worker] DEBUG org.springframework.test.context.web.WebTestContextBootstrapper - @TestExecutionListeners is not present for class [com.hybrid.MosaicWebApplicationTests]: using defaults.
10:26:22.593 [Test worker] INFO org.springframework.test.context.web.WebTestContextBootstrapper - Loaded default TestExecutionListener class names from location [META-INF/spring.factories]: [org.springframework.test.context.web.ServletTestExecutionListener, org.springframework.test.context.support.DirtiesContextBeforeModesTestExecutionListener, org.springframework.test.context.support.DependencyInjectionTestExecutionListener, org.springframework.test.context.support.DirtiesContextTestExecutionListener, org.springframework.test.context.transaction.TransactionalTestExecutionListener, org.springframework.test.context.jdbc.SqlScriptsTestExecutionListener]
10:26:22.593 [Test worker] INFO org.springframework.test.context.web.WebTestContextBootstrapper - Could not instantiate TestExecutionListener [org.springframework.test.context.jdbc.SqlScriptsTestExecutionListener]. Specify custom listener classes or make the default listener classes (and their required dependencies) available. Offending class: [org/springframework/transaction/interceptor/TransactionAttribute]
10:26:22.593 [Test worker] INFO org.springframework.test.context.web.WebTestContextBootstrapper - Could not instantiate TestExecutionListener [org.springframework.test.context.transaction.TransactionalTestExecutionListener]. Specify custom listener classes or make the default listener classes (and their required dependencies) available. Offending class: [org/springframework/transaction/interceptor/TransactionAttributeSource]
10:26:22.593 [Test worker] INFO org.springframework.test.context.web.WebTestContextBootstrapper - Using TestExecutionListeners: [org.springframework.test.context.web.ServletTestExecutionListener@639eb7f9, org.springframework.test.context.support.DirtiesContextBeforeModesTestExecutionListener@4026eed7, org.springframework.test.context.support.DependencyInjectionTestExecutionListener@7b1243ec, org.springframework.test.context.support.DirtiesContextTestExecutionListener@14c3dd71]
10:26:22.608 [Test worker] DEBUG org.springframework.test.annotation.ProfileValueUtils - Retrieved @ProfileValueSourceConfiguration [null] for test class [com.hybrid.MosaicWebApplicationTests]
10:26:22.608 [Test worker] DEBUG org.springframework.test.annotation.ProfileValueUtils - Retrieved ProfileValueSource type [class org.springframework.test.annotation.SystemProfileValueSource] for class [com.hybrid.MosaicWebApplicationTests]
10:26:22.608 [Test worker] DEBUG org.springframework.test.annotation.ProfileValueUtils - Retrieved @ProfileValueSourceConfiguration [null] for test class [com.hybrid.MosaicWebApplicationTests]
10:26:22.608 [Test worker] DEBUG org.springframework.test.annotation.ProfileValueUtils - Retrieved ProfileValueSource type [class org.springframework.test.annotation.SystemProfileValueSource] for class [com.hybrid.MosaicWebApplicationTests]
10:26:22.608 [Test worker] DEBUG org.springframework.test.context.support.AbstractDirtiesContextTestExecutionListener - Before test class: context [DefaultTestContext@61badf5a testClass = MosaicWebApplicationTests, testInstance = [null], testMethod = [null], testException = [null], mergedContextConfiguration = [WebMergedContextConfiguration@7213a518 testClass = MosaicWebApplicationTests, locations = '{}', classes = '{class com.hybrid.MosaicWebApplication}', contextInitializerClasses = '[]', activeProfiles = '{}', propertySourceLocations = '{}', propertySourceProperties = '{}', resourceBasePath = 'src/main/webapp', contextLoader = 'org.springframework.boot.test.SpringApplicationContextLoader', parent = [null]]], class annotated with @DirtiesContext [false] with mode [null].
10:26:22.608 [Test worker] DEBUG org.springframework.test.annotation.ProfileValueUtils - Retrieved @ProfileValueSourceConfiguration [null] for test class [com.hybrid.MosaicWebApplicationTests]
10:26:22.608 [Test worker] DEBUG org.springframework.test.annotation.ProfileValueUtils - Retrieved ProfileValueSource type [class org.springframework.test.annotation.SystemProfileValueSource] for class [com.hybrid.MosaicWebApplicationTests]
10:26:22.671 [Test worker] DEBUG org.springframework.core.env.StandardEnvironment - Adding [systemProperties] PropertySource with lowest search precedence
10:26:22.671 [Test worker] DEBUG org.springframework.core.env.StandardEnvironment - Adding [systemEnvironment] PropertySource with lowest search precedence
10:26:22.671 [Test worker] DEBUG org.springframework.core.env.StandardEnvironment - Initialized StandardEnvironment with PropertySources [systemProperties,systemEnvironment]
10:26:22.671 [Test worker] DEBUG org.springframework.core.env.StandardEnvironment - Adding [integrationTest] PropertySource with search precedence immediately lower than [systemEnvironment]

  .   ____          _            __ _ _
 /\\ / ___'_ __ _ _(_)_ __  __ _ \ \ \ \
( ( )\___ | '_ | '_| | '_ \/ _` | \ \ \ \
 \\/  ___)| |_)| | | | | || (_| |  ) ) ) )
  '  |____| .__|_| |_|_| |_\__, | / / / /
 =========|_|==============|___/=/_/_/_/
 :: Spring Boot ::        (v1.3.6.RELEASE)

2016-07-28 10:26:22.889  INFO 3688 --- [    Test worker] com.hybrid.MosaicWebApplicationTests     : Starting MosaicWebApplicationTests on swlee with PID 3688 (D:\03_Src\jsp\MosaicWeb\build\classes\test started by java in D:\03_Src\jsp\MosaicWeb)
2016-07-28 10:26:22.889  INFO 3688 --- [    Test worker] com.hybrid.MosaicWebApplicationTests     : No active profile set, falling back to default profiles: default
2016-07-28 10:26:22.952  INFO 3688 --- [    Test worker] o.s.w.c.s.GenericWebApplicationContext   : Refreshing org.springframework.web.context.support.GenericWebApplicationContext@6ddd4bcb: startup date [Thu Jul 28 10:26:22 KST 2016]; root of context hierarchy
2016-07-28 10:26:24.204  INFO 3688 --- [    Test worker] s.w.s.m.m.a.RequestMappingHandlerAdapter : Looking for @ControllerAdvice: org.springframework.web.context.support.GenericWebApplicationContext@6ddd4bcb: startup date [Thu Jul 28 10:26:22 KST 2016]; root of context hierarchy
2016-07-28 10:26:24.250  INFO 3688 --- [    Test worker] s.w.s.m.m.a.RequestMappingHandlerMapping : Mapped "{[/error]}" onto public org.springframework.http.ResponseEntity<java.util.Map<java.lang.String, java.lang.Object>> org.springframework.boot.autoconfigure.web.BasicErrorController.error(javax.servlet.http.HttpServletRequest)
2016-07-28 10:26:24.250  INFO 3688 --- [    Test worker] s.w.s.m.m.a.RequestMappingHandlerMapping : Mapped "{[/error],produces=[text/html]}" onto public org.springframework.web.servlet.ModelAndView org.springframework.boot.autoconfigure.web.BasicErrorController.errorHtml(javax.servlet.http.HttpServletRequest,javax.servlet.http.HttpServletResponse)
2016-07-28 10:26:24.282  INFO 3688 --- [    Test worker] o.s.w.s.handler.SimpleUrlHandlerMapping  : Mapped URL path [/webjars/**] onto handler of type [class org.springframework.web.servlet.resource.ResourceHttpRequestHandler]
2016-07-28 10:26:24.282  INFO 3688 --- [    Test worker] o.s.w.s.handler.SimpleUrlHandlerMapping  : Mapped URL path [/**] onto handler of type [class org.springframework.web.servlet.resource.ResourceHttpRequestHandler]
2016-07-28 10:26:24.313  INFO 3688 --- [    Test worker] o.s.w.s.handler.SimpleUrlHandlerMapping  : Mapped URL path [/**/favicon.ico] onto handler of type [class org.springframework.web.servlet.resource.ResourceHttpRequestHandler]
2016-07-28 10:26:24.422  INFO 3688 --- [    Test worker] com.hybrid.MosaicWebApplicationTests     : Started MosaicWebApplicationTests in 1.736 seconds (JVM running for 2.447)
]]></system-out>
  <system-err><![CDATA[]]></system-err>
</testsuite>
